mode: set
github.com/leftshifters/ifsc/main.go:3.13,5.2 0 0
github.com/leftshifters/ifsc/parser.go:14.42,17.16 2 1
github.com/leftshifters/ifsc/parser.go:21.2,24.39 2 1
github.com/leftshifters/ifsc/parser.go:43.2,43.12 1 1
github.com/leftshifters/ifsc/parser.go:17.16,19.3 1 0
github.com/leftshifters/ifsc/parser.go:24.39,29.42 3 1
github.com/leftshifters/ifsc/parser.go:29.42,39.4 8 1
github.com/leftshifters/ifsc/command.go:11.57,16.22 4 0
github.com/leftshifters/ifsc/command.go:20.2,20.21 1 0
github.com/leftshifters/ifsc/command.go:24.2,24.21 1 0
github.com/leftshifters/ifsc/command.go:28.2,31.17 2 0
github.com/leftshifters/ifsc/command.go:35.2,38.16 4 0
github.com/leftshifters/ifsc/command.go:42.2,42.26 1 0
github.com/leftshifters/ifsc/command.go:16.22,18.3 1 0
github.com/leftshifters/ifsc/command.go:20.21,22.3 1 0
github.com/leftshifters/ifsc/command.go:24.21,26.3 1 0
github.com/leftshifters/ifsc/command.go:31.17,33.3 1 0
github.com/leftshifters/ifsc/command.go:38.16,40.3 1 0
github.com/leftshifters/ifsc/find.go:15.38,23.16 6 0
github.com/leftshifters/ifsc/find.go:29.2,30.60 2 0
github.com/leftshifters/ifsc/find.go:44.2,44.21 1 0
github.com/leftshifters/ifsc/find.go:23.16,26.3 2 0
github.com/leftshifters/ifsc/find.go:30.60,35.46 3 0
github.com/leftshifters/ifsc/find.go:35.46,37.14 2 0
github.com/leftshifters/ifsc/find.go:37.14,40.5 2 0
github.com/leftshifters/ifsc/find.go:48.56,53.16 4 0
github.com/leftshifters/ifsc/find.go:58.2,58.12 1 0
github.com/leftshifters/ifsc/find.go:53.16,56.3 2 0
