{"/Users/sudhanshuraheja/Code/ifsc/lib/scrapper.js":{"path":"/Users/sudhanshuraheja/Code/ifsc/lib/scrapper.js","s":{"1":1,"2":1,"3":1,"4":4,"5":2,"6":2,"7":2,"8":0,"9":1,"10":1,"11":0,"12":1,"13":1,"14":6,"15":6,"16":6,"17":1,"18":1,"19":1,"20":1,"21":1},"b":{"1":[2,0],"2":[2,2],"3":[0,1],"4":[1,5]},"f":{"1":4,"2":2,"3":2,"4":1,"5":1,"6":6,"7":1,"8":1},"fnMap":{"1":{"name":"(anonymous_1)","line":6,"loc":{"start":{"line":6,"column":13},"end":{"line":6,"column":23}}},"2":{"name":"(anonymous_2)","line":10,"loc":{"start":{"line":10,"column":7},"end":{"line":10,"column":12}}},"3":{"name":"(anonymous_3)","line":11,"loc":{"start":{"line":11,"column":26},"end":{"line":11,"column":58}}},"4":{"name":"(anonymous_4)","line":20,"loc":{"start":{"line":20,"column":6},"end":{"line":20,"column":11}}},"5":{"name":"(anonymous_5)","line":21,"loc":{"start":{"line":21,"column":15},"end":{"line":21,"column":35}}},"6":{"name":"(anonymous_6)","line":27,"loc":{"start":{"line":27,"column":29},"end":{"line":27,"column":47}}},"7":{"name":"(anonymous_7)","line":40,"loc":{"start":{"line":40,"column":10},"end":{"line":40,"column":20}}},"8":{"name":"(anonymous_8)","line":44,"loc":{"start":{"line":44,"column":20},"end":{"line":44,"column":31}}}},"statementMap":{"1":{"start":{"line":1,"column":0},"end":{"line":1,"column":32}},"2":{"start":{"line":2,"column":0},"end":{"line":2,"column":22}},"3":{"start":{"line":3,"column":0},"end":{"line":3,"column":26}},"4":{"start":{"line":7,"column":4},"end":{"line":7,"column":34}},"5":{"start":{"line":11,"column":4},"end":{"line":17,"column":6}},"6":{"start":{"line":12,"column":6},"end":{"line":16,"column":7}},"7":{"start":{"line":13,"column":8},"end":{"line":13,"column":22}},"8":{"start":{"line":15,"column":8},"end":{"line":15,"column":17}},"9":{"start":{"line":21,"column":4},"end":{"line":37,"column":6}},"10":{"start":{"line":22,"column":6},"end":{"line":24,"column":7}},"11":{"start":{"line":23,"column":8},"end":{"line":23,"column":22}},"12":{"start":{"line":26,"column":6},"end":{"line":26,"column":26}},"13":{"start":{"line":27,"column":6},"end":{"line":34,"column":9}},"14":{"start":{"line":28,"column":8},"end":{"line":28,"column":39}},"15":{"start":{"line":29,"column":8},"end":{"line":29,"column":33}},"16":{"start":{"line":31,"column":8},"end":{"line":33,"column":9}},"17":{"start":{"line":32,"column":10},"end":{"line":32,"column":59}},"18":{"start":{"line":36,"column":6},"end":{"line":36,"column":27}},"19":{"start":{"line":41,"column":4},"end":{"line":46,"column":8}},"20":{"start":{"line":45,"column":8},"end":{"line":45,"column":23}},"21":{"start":{"line":50,"column":0},"end":{"line":50,"column":25}}},"branchMap":{"1":{"line":12,"type":"if","locations":[{"start":{"line":12,"column":6},"end":{"line":12,"column":6}},{"start":{"line":12,"column":6},"end":{"line":12,"column":6}}]},"2":{"line":12,"type":"binary-expr","locations":[{"start":{"line":12,"column":10},"end":{"line":12,"column":16}},{"start":{"line":12,"column":20},"end":{"line":12,"column":46}}]},"3":{"line":22,"type":"if","locations":[{"start":{"line":22,"column":6},"end":{"line":22,"column":6}},{"start":{"line":22,"column":6},"end":{"line":22,"column":6}}]},"4":{"line":31,"type":"if","locations":[{"start":{"line":31,"column":8},"end":{"line":31,"column":8}},{"start":{"line":31,"column":8},"end":{"line":31,"column":8}}]}}}}