TN:
SF:/Users/sudhanshuraheja/Code/ifsc/lib/scrapper.js
FN:6,(anonymous_1)
FN:10,(anonymous_2)
FN:11,(anonymous_3)
FN:20,(anonymous_4)
FN:21,(anonymous_5)
FN:27,(anonymous_6)
FN:40,(anonymous_7)
FN:44,(anonymous_8)
FNF:8
FNH:8
FNDA:4,(anonymous_1)
FNDA:2,(anonymous_2)
FNDA:2,(anonymous_3)
FNDA:1,(anonymous_4)
FNDA:1,(anonymous_5)
FNDA:6,(anonymous_6)
FNDA:1,(anonymous_7)
FNDA:1,(anonymous_8)
DA:1,1
DA:2,1
DA:3,1
DA:7,4
DA:11,2
DA:12,2
DA:13,2
DA:15,0
DA:21,1
DA:22,1
DA:23,0
DA:26,1
DA:27,1
DA:28,6
DA:29,6
DA:31,6
DA:32,1
DA:36,1
DA:41,1
DA:45,1
DA:50,1
LF:21
LH:19
BRDA:12,1,0,2
BRDA:12,1,1,0
BRDA:12,2,0,2
BRDA:12,2,1,2
BRDA:22,3,0,0
BRDA:22,3,1,1
BRDA:31,4,0,1
BRDA:31,4,1,5
BRF:8
BRH:6
end_of_record
